{
  "stats": {
    "suites": 1,
    "tests": 1,
    "passes": 1,
    "pending": 0,
    "failures": 0,
    "start": "2025-10-23T02:51:33.166Z",
    "end": "2025-10-23T02:51:38.588Z",
    "duration": 5422,
    "testsRegistered": 1,
    "passPercent": 100,
    "pendingPercent": 0,
    "other": 0,
    "hasOther": false,
    "skipped": 0,
    "hasSkipped": false
  },
  "results": [
    {
      "uuid": "2461ebce-3172-4a41-94a6-726135914959",
      "title": "",
      "fullFile": "cypress\\e2e\\caso1.cy.js",
      "file": "cypress\\e2e\\caso1.cy.js",
      "beforeHooks": [],
      "afterHooks": [],
      "tests": [],
      "suites": [
        {
          "uuid": "61a53eeb-d0ef-4c05-b175-5249452ebe4d",
          "title": "SauceDemo - Ordenamiento de Productos",
          "fullFile": "",
          "file": "",
          "beforeHooks": [],
          "afterHooks": [],
          "tests": [
            {
              "title": "Caso 1: Logueo y Verificación de orden por precio (bajo a alto)",
              "fullTitle": "SauceDemo - Ordenamiento de Productos Caso 1: Logueo y Verificación de orden por precio (bajo a alto)",
              "timedOut": null,
              "duration": 2619,
              "state": "passed",
              "speed": "fast",
              "pass": true,
              "fail": false,
              "pending": false,
              "context": null,
              "code": "// --- 1. Logueo al sitio como usuario standard_user ---\n// Comando para visitar la URL\ncy.visit('https://www.saucedemo.com/');\n// Ingresar Usuario y verificar valor\ncy.get('#user-name').type('standard_user');\ncy.get('#password').type('secret_sauce');\ncy.get('#login-button').click();\n// Verificar redirección\ncy.url().should('include', '/inventory.html');\n// --- 2. Ordenar los elementos por “price (low to high)” ---\n// Ejecución de la selección usando el valor interno 'lohi'\ncy.get('.product_sort_container').select('lohi');\n// Verificación del valor seleccionado (soluciona el error de desacoplamiento del DOM)\ncy.get('.product_sort_container').should('have.value', 'lohi');\n// --- 3. Verificar que los elementos estén ordenados ---\n// Obtener todos los precios de los productos visibles\ncy.get('.inventory_item_price').then($precios => {\n  // Mapear los elementos del DOM a un arreglo de números (precio)\n  const preciosNumericos = $precios.map((index, elemento) => {\n    // Obtener el texto, eliminar el símbolo '$' y convertir a número\n    return parseFloat(Cypress.$(elemento).text().replace('$', ''));\n  }).get();\n  // Crear una copia del arreglo y ordenar manualmente\n  const preciosOrdenados = [...preciosNumericos].sort((a, b) => a - b);\n  // Comparar el arreglo del sitio con el arreglo ordenado manualmente\n  expect(preciosNumericos, 'Verificar que el arreglo del sitio sea igual al arreglo ordenado').to.deep.equal(preciosOrdenados);\n});",
              "err": {},
              "uuid": "7d984201-d342-4d35-b8e6-17793d134d3e",
              "parentUUID": "61a53eeb-d0ef-4c05-b175-5249452ebe4d",
              "isHook": false,
              "skipped": false
            }
          ],
          "suites": [],
          "passes": [
            "7d984201-d342-4d35-b8e6-17793d134d3e"
          ],
          "failures": [],
          "pending": [],
          "skipped": [],
          "duration": 2619,
          "root": false,
          "rootEmpty": false,
          "_timeout": 2000
        }
      ],
      "passes": [],
      "failures": [],
      "pending": [],
      "skipped": [],
      "duration": 0,
      "root": true,
      "rootEmpty": true,
      "_timeout": 2000
    }
  ],
  "meta": {
    "mocha": {
      "version": "7.2.0"
    },
    "mochawesome": {
      "options": {
        "quiet": false,
        "reportFilename": "mochawesome",
        "saveHtml": true,
        "saveJson": true,
        "consoleReporter": "spec",
        "useInlineDiffs": false,
        "code": true
      },
      "version": "7.1.4"
    },
    "marge": {
      "options": {
        "reportDir": "cypress-reports",
        "json": true,
        "overwrite": false
      },
      "version": "6.3.0"
    }
  }
}