{
  "stats": {
    "suites": 1,
    "tests": 1,
    "passes": 1,
    "pending": 0,
    "failures": 0,
    "start": "2025-10-23T12:56:42.824Z",
    "end": "2025-10-23T12:56:50.167Z",
    "duration": 7343,
    "testsRegistered": 1,
    "passPercent": 100,
    "pendingPercent": 0,
    "other": 0,
    "hasOther": false,
    "skipped": 0,
    "hasSkipped": false
  },
  "results": [
    {
      "uuid": "91986897-0bd3-4baa-8deb-89cedd8e3c75",
      "title": "",
      "fullFile": "cypress\\e2e\\caso3.cy.js",
      "file": "cypress\\e2e\\caso3.cy.js",
      "beforeHooks": [],
      "afterHooks": [],
      "tests": [],
      "suites": [
        {
          "uuid": "fdfc7d42-d2fc-484d-b41b-3c07b68ae93d",
          "title": "SauceDemo - Ciclo Completo: Agregar, Remover y Checkout",
          "fullFile": "",
          "file": "",
          "beforeHooks": [],
          "afterHooks": [],
          "tests": [
            {
              "title": "Caso 3: Verificar remoción de artículo y finalizar compra",
              "fullTitle": "SauceDemo - Ciclo Completo: Agregar, Remover y Checkout Caso 3: Verificar remoción de artículo y finalizar compra",
              "timedOut": null,
              "duration": 4557,
              "state": "passed",
              "speed": "fast",
              "pass": true,
              "fail": false,
              "pending": false,
              "context": null,
              "code": "// --- 1. Agregar un elemento al carrito ---\n// Selector corregido: usamos .btn_inventory para encontrar el botón\ncy.get('.btn_inventory').first().click();\n// Verificar que el carrito tiene 1 artículo\ncy.get('.shopping_cart_badge').should('have.text', '1');\n// --- 2. Ir al carrito y remover el artículo ---\ncy.get('.shopping_cart_link').click();\n// Remover el artículo del carrito (el botón de remover tiene la clase .btn_secondary en esta vista)\ncy.get('.cart_list').find('.btn_secondary').click();\n// --- 3. Verificar que el sitio no tiene artículos agregados ---\n// Verificar que el badge del carrito desaparezca (no.exist)\ncy.get('.shopping_cart_badge').should('not.exist');\n// Verificar que la lista de ítems en el carrito esté vacía\ncy.get('.cart_list').find('.cart_item').should('not.exist');\n// --- 4. Ir a “Continue Shopping” ---\ncy.get('#continue-shopping').click();\n// Verificar que regresó al inventario\ncy.url().should('include', '/inventory.html');\n// --- 5. Agregar 2 elementos ---\n// Selector corregido: usamos .btn_inventory para encontrar los botones\ncy.get('.btn_inventory').eq(0).click();\ncy.get('.btn_inventory').eq(1).click();\n// --- 6. Ir al carrito y verificar que los 2 elementos existan ---\ncy.get('.shopping_cart_link').click();\n// Verificar que hay 2 elementos listados en el carrito\ncy.get('.cart_item').should('have.length', 2);\n// --- 7. Hacer el checkout ---\ncy.get('#checkout').click();\n// Llenar el formulario\ncy.get('#first-name').type('Fernando');\ncy.get('#last-name').type('Gomez');\ncy.get('#postal-code').type('1704');\ncy.get('#continue').click();\n// Verificar la URL de resumen\ncy.url().should('include', '/checkout-step-two.html');\n// --- 8. Finalizar la compra ---\ncy.get('#finish').click();\n// --- 9. Verificar que la compra fue realizada ---\ncy.url().should('include', '/checkout-complete.html');\n// Verificar el mensaje de confirmación final\ncy.get('.complete-header').should('contain', 'Thank you for your order!');",
              "err": {},
              "uuid": "a3749fc1-ba1c-4063-9d6a-ff18de584a6d",
              "parentUUID": "fdfc7d42-d2fc-484d-b41b-3c07b68ae93d",
              "isHook": false,
              "skipped": false
            }
          ],
          "suites": [],
          "passes": [
            "a3749fc1-ba1c-4063-9d6a-ff18de584a6d"
          ],
          "failures": [],
          "pending": [],
          "skipped": [],
          "duration": 4557,
          "root": false,
          "rootEmpty": false,
          "_timeout": 2000
        }
      ],
      "passes": [],
      "failures": [],
      "pending": [],
      "skipped": [],
      "duration": 0,
      "root": true,
      "rootEmpty": true,
      "_timeout": 2000
    }
  ],
  "meta": {
    "mocha": {
      "version": "7.2.0"
    },
    "mochawesome": {
      "options": {
        "quiet": false,
        "reportFilename": "mochawesome",
        "saveHtml": true,
        "saveJson": true,
        "consoleReporter": "spec",
        "useInlineDiffs": false,
        "code": true
      },
      "version": "7.1.4"
    },
    "marge": {
      "options": {
        "reportDir": "cypress-reports",
        "json": true,
        "overwrite": false
      },
      "version": "6.3.0"
    }
  }
}