{
  "stats": {
    "suites": 1,
    "tests": 1,
    "passes": 1,
    "pending": 0,
    "failures": 0,
    "start": "2025-10-23T02:52:13.807Z",
    "end": "2025-10-23T02:52:20.594Z",
    "duration": 6787,
    "testsRegistered": 1,
    "passPercent": 100,
    "pendingPercent": 0,
    "other": 0,
    "hasOther": false,
    "skipped": 0,
    "hasSkipped": false
  },
  "results": [
    {
      "uuid": "b5f0fceb-9757-4fab-9dd8-97e087ab08b2",
      "title": "",
      "fullFile": "cypress\\e2e\\caso2.cy.js",
      "file": "cypress\\e2e\\caso2.cy.js",
      "beforeHooks": [],
      "afterHooks": [],
      "tests": [],
      "suites": [
        {
          "uuid": "fae419e1-516e-4868-bca9-cdf904730db9",
          "title": "SauceDemo - Carrito y Validación de Checkout",
          "fullFile": "",
          "file": "",
          "beforeHooks": [],
          "afterHooks": [],
          "tests": [
            {
              "title": "Caso 2: Agregar productos, ir al checkout y validar errores de formulario",
              "fullTitle": "SauceDemo - Carrito y Validación de Checkout Caso 2: Agregar productos, ir al checkout y validar errores de formulario",
              "timedOut": null,
              "duration": 4066,
              "state": "passed",
              "speed": "fast",
              "pass": true,
              "fail": false,
              "pending": false,
              "context": null,
              "code": "// --- 1. Incorporar al carrito todos los elementos ---\n// Seleccionar todos los botones y hacer clic en ellos\ncy.get('.btn_inventory').click({\n  multiple: true\n});\n// Verificar que el icono del carrito muestre el total (6)\ncy.get('.shopping_cart_badge').should('have.text', '6');\n// --- 2. Ir al carrito y verificar elementos ---\ncy.get('.shopping_cart_link').click();\n// Verificar que la URL es la del carrito\ncy.url().should('include', '/cart.html');\n// Verificar que hay 6 elementos listados\ncy.get('.cart_item').should('have.length', 6);\n// --- 3. Ir al checkout ---\ncy.get('#checkout').click();\n// Verificar que la URL es la del checkout\ncy.url().should('include', '/checkout-step-one.html');\n// --- 4. Validar error de Apellido ---\n// Ingresar el nombre\ncy.get('#first-name').type('Juan');\ncy.get('#continue').click();\n// Verificar el mensaje de error de Apellido\ncy.get('.error-message-container').should('contain', 'Error: Last Name is required');\n// --- 5. Validar error de Código Postal ---\n// Ingresar el apellido\ncy.get('#last-name').type('Perez');\ncy.get('#continue').click();\n// Verificar el mensaje de error de Código Postal\ncy.get('.error-message-container').should('contain', 'Error: Postal Code is required');",
              "err": {},
              "uuid": "2bcf9366-1516-4a9c-a4c3-d037e8967bdf",
              "parentUUID": "fae419e1-516e-4868-bca9-cdf904730db9",
              "isHook": false,
              "skipped": false
            }
          ],
          "suites": [],
          "passes": [
            "2bcf9366-1516-4a9c-a4c3-d037e8967bdf"
          ],
          "failures": [],
          "pending": [],
          "skipped": [],
          "duration": 4066,
          "root": false,
          "rootEmpty": false,
          "_timeout": 2000
        }
      ],
      "passes": [],
      "failures": [],
      "pending": [],
      "skipped": [],
      "duration": 0,
      "root": true,
      "rootEmpty": true,
      "_timeout": 2000
    }
  ],
  "meta": {
    "mocha": {
      "version": "7.2.0"
    },
    "mochawesome": {
      "options": {
        "quiet": false,
        "reportFilename": "mochawesome",
        "saveHtml": true,
        "saveJson": true,
        "consoleReporter": "spec",
        "useInlineDiffs": false,
        "code": true
      },
      "version": "7.1.4"
    },
    "marge": {
      "options": {
        "reportDir": "cypress-reports",
        "json": true,
        "overwrite": false
      },
      "version": "6.3.0"
    }
  }
}