{
  "stats": {
    "suites": 1,
    "tests": 3,
    "passes": 3,
    "pending": 0,
    "failures": 0,
    "start": "2025-10-24T19:25:49.778Z",
    "end": "2025-10-24T19:25:59.463Z",
    "duration": 9685,
    "testsRegistered": 3,
    "passPercent": 100,
    "pendingPercent": 0,
    "other": 0,
    "hasOther": false,
    "skipped": 0,
    "hasSkipped": false,
    "passPercentClass": "success",
    "pendingPercentClass": "danger"
  },
  "suites": {
    "title": "",
    "suites": [
      {
        "title": "Punto 3 - Saucedemo",
        "suites": [],
        "tests": [
          {
            "title": "Caso 1",
            "fullTitle": "Punto 3 - Saucedemo Caso 1",
            "duration": 2604,
            "state": "passed",
            "speed": "fast",
            "pass": true,
            "fail": false,
            "pending": false,
            "code": "cy.visit(\"https://www.saucedemo.com/\");\ncy.get(\"#user-name\").type(\"standard_user\");\ncy.get(\"#password\").type(\"secret_sauce\");\ncy.get(\"#login-button, button[type='submit']\").click();\ncy.url().should(\"include\", \"/inventory.html\");\ncy.get('.product_sort_container').then($sel => {\n  const visibleText = 'Price (low to high)';\n  const value = 'lohi';\n  // buscar opción por texto exacto\n  const hasVisible = $sel.find('option').toArray().some(opt => opt.innerText.trim() === visibleText);\n  if (hasVisible) {\n    cy.wrap($sel).select(visibleText);\n  } else {\n    cy.wrap($sel).select(value);\n  }\n});\ncy.get('.inventory_item_price').should('have.length.greaterThan', 0);\ncy.get('.inventory_item_price').then($els => {\n  const prices = Array.from($els).map(el => parseFloat(el.innerText.replace(/[^0-9.]/g, '')));\n  for (let i = 1; i < prices.length; i++) {\n    expect(prices[i]).to.be.at.least(prices[i - 1]);\n  }\n});",
            "err": {},
            "isRoot": false,
            "uuid": "0c2ba2e2-a579-4de6-b351-91b92f6bcb26",
            "parentUUID": "6cf8dfe2-d372-47b0-915b-cffcb6c01fd6",
            "skipped": false
          },
          {
            "title": "Caso 2",
            "fullTitle": "Punto 3 - Saucedemo Caso 2",
            "duration": 2321,
            "state": "passed",
            "speed": "fast",
            "pass": true,
            "fail": false,
            "pending": false,
            "code": "cy.visit(\"https://www.saucedemo.com/\");\ncy.get(\"#user-name\").type(\"standard_user\");\ncy.get(\"#password\").type(\"secret_sauce\");\ncy.get(\"#login-button, button[type='submit']\").click();\ncy.url().should(\"include\", \"/inventory.html\");\ncy.get('.inventory_item').its('length').then(count => {\n  cy.get('.inventory_item').each($el => {\n    cy.wrap($el).find('button').click();\n  });\n  cy.get('.shopping_cart_link').click();\n  cy.get('.cart_item').should('have.length', count);\n  cy.get('[data-test=\"checkout\"], #checkout').click();\n  cy.get('#first-name').type('Jack');\n  cy.get('[data-test=\"continue\"], #continue').click();\n  cy.get('[data-test=\"error\"], .error-message-container').should('contain.text', 'Error: Last Name is required');\n  cy.get('#last-name').type('Sparrow');\n  cy.get('[data-test=\"continue\"], #continue').click();\n  cy.get('[data-test=\"error\"], .error-message-container').should('contain.text', 'Error: Postal Code is required');\n});",
            "err": {},
            "isRoot": false,
            "uuid": "5f413742-7aa3-4ac0-87dc-656cbd77f9fe",
            "parentUUID": "6cf8dfe2-d372-47b0-915b-cffcb6c01fd6",
            "skipped": false
          },
          {
            "title": "Caso 3",
            "fullTitle": "Punto 3 - Saucedemo Caso 3",
            "duration": 2420,
            "state": "passed",
            "speed": "fast",
            "pass": true,
            "fail": false,
            "pending": false,
            "code": "cy.visit(\"https://www.saucedemo.com/\");\ncy.get(\"#user-name\").type(\"standard_user\");\ncy.get(\"#password\").type(\"secret_sauce\");\ncy.get(\"#login-button, button[type='submit']\").click();\ncy.url().should(\"include\", \"/inventory.html\");\ncy.get('.inventory_item').first().find('button').click();\ncy.get('.shopping_cart_link').click();\ncy.get('.cart_item').first().find('button').click();\ncy.get('body').find('.cart_item').should('not.exist');\ncy.contains('button', /continue shopping/i).click();\ncy.get('.inventory_item').eq(0).find('button').click();\ncy.get('.inventory_item').eq(1).find('button').click();\ncy.get('.shopping_cart_link').click();\ncy.get('.cart_item').should('have.length', 2);\ncy.get('.cart_item .inventory_item_name').should('have.length', 2);\ncy.get('[data-test=\"checkout\"], #checkout').click();\ncy.get('#first-name').type('Jack');\ncy.get('#last-name').type('Sparrow');\ncy.get('#postal-code').type('12345');\ncy.get('[data-test=\"continue\"], #continue').click();\ncy.get('[data-test=\"finish\"], #finish').click();\ncy.get('.complete-header').should('contain.text', 'Thank you for your order!');",
            "err": {},
            "isRoot": false,
            "uuid": "5c427493-1cd2-4ed5-a0da-a0338569d297",
            "parentUUID": "6cf8dfe2-d372-47b0-915b-cffcb6c01fd6",
            "skipped": false
          }
        ],
        "root": false,
        "pending": [],
        "_timeout": 2000,
        "file": "",
        "uuid": "6cf8dfe2-d372-47b0-915b-cffcb6c01fd6",
        "fullFile": "",
        "passes": [
          {
            "title": "Caso 1",
            "fullTitle": "Punto 3 - Saucedemo Caso 1",
            "duration": 2604,
            "state": "passed",
            "speed": "fast",
            "pass": true,
            "fail": false,
            "pending": false,
            "code": "cy.visit(\"https://www.saucedemo.com/\");\ncy.get(\"#user-name\").type(\"standard_user\");\ncy.get(\"#password\").type(\"secret_sauce\");\ncy.get(\"#login-button, button[type='submit']\").click();\ncy.url().should(\"include\", \"/inventory.html\");\ncy.get('.product_sort_container').then($sel => {\n  const visibleText = 'Price (low to high)';\n  const value = 'lohi';\n  // buscar opción por texto exacto\n  const hasVisible = $sel.find('option').toArray().some(opt => opt.innerText.trim() === visibleText);\n  if (hasVisible) {\n    cy.wrap($sel).select(visibleText);\n  } else {\n    cy.wrap($sel).select(value);\n  }\n});\ncy.get('.inventory_item_price').should('have.length.greaterThan', 0);\ncy.get('.inventory_item_price').then($els => {\n  const prices = Array.from($els).map(el => parseFloat(el.innerText.replace(/[^0-9.]/g, '')));\n  for (let i = 1; i < prices.length; i++) {\n    expect(prices[i]).to.be.at.least(prices[i - 1]);\n  }\n});",
            "err": {},
            "isRoot": false,
            "uuid": "0c2ba2e2-a579-4de6-b351-91b92f6bcb26",
            "parentUUID": "6cf8dfe2-d372-47b0-915b-cffcb6c01fd6",
            "skipped": false
          },
          {
            "title": "Caso 2",
            "fullTitle": "Punto 3 - Saucedemo Caso 2",
            "duration": 2321,
            "state": "passed",
            "speed": "fast",
            "pass": true,
            "fail": false,
            "pending": false,
            "code": "cy.visit(\"https://www.saucedemo.com/\");\ncy.get(\"#user-name\").type(\"standard_user\");\ncy.get(\"#password\").type(\"secret_sauce\");\ncy.get(\"#login-button, button[type='submit']\").click();\ncy.url().should(\"include\", \"/inventory.html\");\ncy.get('.inventory_item').its('length').then(count => {\n  cy.get('.inventory_item').each($el => {\n    cy.wrap($el).find('button').click();\n  });\n  cy.get('.shopping_cart_link').click();\n  cy.get('.cart_item').should('have.length', count);\n  cy.get('[data-test=\"checkout\"], #checkout').click();\n  cy.get('#first-name').type('Jack');\n  cy.get('[data-test=\"continue\"], #continue').click();\n  cy.get('[data-test=\"error\"], .error-message-container').should('contain.text', 'Error: Last Name is required');\n  cy.get('#last-name').type('Sparrow');\n  cy.get('[data-test=\"continue\"], #continue').click();\n  cy.get('[data-test=\"error\"], .error-message-container').should('contain.text', 'Error: Postal Code is required');\n});",
            "err": {},
            "isRoot": false,
            "uuid": "5f413742-7aa3-4ac0-87dc-656cbd77f9fe",
            "parentUUID": "6cf8dfe2-d372-47b0-915b-cffcb6c01fd6",
            "skipped": false
          },
          {
            "title": "Caso 3",
            "fullTitle": "Punto 3 - Saucedemo Caso 3",
            "duration": 2420,
            "state": "passed",
            "speed": "fast",
            "pass": true,
            "fail": false,
            "pending": false,
            "code": "cy.visit(\"https://www.saucedemo.com/\");\ncy.get(\"#user-name\").type(\"standard_user\");\ncy.get(\"#password\").type(\"secret_sauce\");\ncy.get(\"#login-button, button[type='submit']\").click();\ncy.url().should(\"include\", \"/inventory.html\");\ncy.get('.inventory_item').first().find('button').click();\ncy.get('.shopping_cart_link').click();\ncy.get('.cart_item').first().find('button').click();\ncy.get('body').find('.cart_item').should('not.exist');\ncy.contains('button', /continue shopping/i).click();\ncy.get('.inventory_item').eq(0).find('button').click();\ncy.get('.inventory_item').eq(1).find('button').click();\ncy.get('.shopping_cart_link').click();\ncy.get('.cart_item').should('have.length', 2);\ncy.get('.cart_item .inventory_item_name').should('have.length', 2);\ncy.get('[data-test=\"checkout\"], #checkout').click();\ncy.get('#first-name').type('Jack');\ncy.get('#last-name').type('Sparrow');\ncy.get('#postal-code').type('12345');\ncy.get('[data-test=\"continue\"], #continue').click();\ncy.get('[data-test=\"finish\"], #finish').click();\ncy.get('.complete-header').should('contain.text', 'Thank you for your order!');",
            "err": {},
            "isRoot": false,
            "uuid": "5c427493-1cd2-4ed5-a0da-a0338569d297",
            "parentUUID": "6cf8dfe2-d372-47b0-915b-cffcb6c01fd6",
            "skipped": false
          }
        ],
        "failures": [],
        "skipped": [],
        "hasTests": true,
        "hasSuites": false,
        "totalTests": 3,
        "totalPasses": 3,
        "totalFailures": 0,
        "totalPending": 0,
        "totalSkipped": 0,
        "hasPasses": true,
        "hasFailures": false,
        "hasPending": false,
        "hasSkipped": false,
        "duration": 7345,
        "rootEmpty": false
      }
    ],
    "tests": [],
    "root": true,
    "pending": [],
    "_timeout": 2000,
    "file": "Cypress\\cypress\\e2e\\Ejercicio_3_WEB.cy.js",
    "uuid": "4232934d-dda6-4d0b-88df-0a5d54e6a190",
    "fullFile": "Cypress\\cypress\\e2e\\Ejercicio_3_WEB.cy.js",
    "passes": [],
    "failures": [],
    "skipped": [],
    "hasTests": false,
    "hasSuites": true,
    "totalTests": 0,
    "totalPasses": 0,
    "totalFailures": 0,
    "totalPending": 0,
    "totalSkipped": 0,
    "hasPasses": false,
    "hasFailures": false,
    "hasPending": false,
    "hasSkipped": false,
    "duration": 0,
    "rootEmpty": true
  },
  "allTests": [
    {
      "title": "Caso 1",
      "fullTitle": "Punto 3 - Saucedemo Caso 1",
      "duration": 2604,
      "state": "passed",
      "speed": "fast",
      "pass": true,
      "fail": false,
      "pending": false,
      "code": "cy.visit(\"https://www.saucedemo.com/\");\ncy.get(\"#user-name\").type(\"standard_user\");\ncy.get(\"#password\").type(\"secret_sauce\");\ncy.get(\"#login-button, button[type='submit']\").click();\ncy.url().should(\"include\", \"/inventory.html\");\ncy.get('.product_sort_container').then($sel => {\n  const visibleText = 'Price (low to high)';\n  const value = 'lohi';\n  // buscar opción por texto exacto\n  const hasVisible = $sel.find('option').toArray().some(opt => opt.innerText.trim() === visibleText);\n  if (hasVisible) {\n    cy.wrap($sel).select(visibleText);\n  } else {\n    cy.wrap($sel).select(value);\n  }\n});\ncy.get('.inventory_item_price').should('have.length.greaterThan', 0);\ncy.get('.inventory_item_price').then($els => {\n  const prices = Array.from($els).map(el => parseFloat(el.innerText.replace(/[^0-9.]/g, '')));\n  for (let i = 1; i < prices.length; i++) {\n    expect(prices[i]).to.be.at.least(prices[i - 1]);\n  }\n});",
      "err": {},
      "isRoot": false,
      "uuid": "0c2ba2e2-a579-4de6-b351-91b92f6bcb26",
      "parentUUID": "6cf8dfe2-d372-47b0-915b-cffcb6c01fd6",
      "skipped": false
    },
    {
      "title": "Caso 2",
      "fullTitle": "Punto 3 - Saucedemo Caso 2",
      "duration": 2321,
      "state": "passed",
      "speed": "fast",
      "pass": true,
      "fail": false,
      "pending": false,
      "code": "cy.visit(\"https://www.saucedemo.com/\");\ncy.get(\"#user-name\").type(\"standard_user\");\ncy.get(\"#password\").type(\"secret_sauce\");\ncy.get(\"#login-button, button[type='submit']\").click();\ncy.url().should(\"include\", \"/inventory.html\");\ncy.get('.inventory_item').its('length').then(count => {\n  cy.get('.inventory_item').each($el => {\n    cy.wrap($el).find('button').click();\n  });\n  cy.get('.shopping_cart_link').click();\n  cy.get('.cart_item').should('have.length', count);\n  cy.get('[data-test=\"checkout\"], #checkout').click();\n  cy.get('#first-name').type('Jack');\n  cy.get('[data-test=\"continue\"], #continue').click();\n  cy.get('[data-test=\"error\"], .error-message-container').should('contain.text', 'Error: Last Name is required');\n  cy.get('#last-name').type('Sparrow');\n  cy.get('[data-test=\"continue\"], #continue').click();\n  cy.get('[data-test=\"error\"], .error-message-container').should('contain.text', 'Error: Postal Code is required');\n});",
      "err": {},
      "isRoot": false,
      "uuid": "5f413742-7aa3-4ac0-87dc-656cbd77f9fe",
      "parentUUID": "6cf8dfe2-d372-47b0-915b-cffcb6c01fd6",
      "skipped": false
    },
    {
      "title": "Caso 3",
      "fullTitle": "Punto 3 - Saucedemo Caso 3",
      "duration": 2420,
      "state": "passed",
      "speed": "fast",
      "pass": true,
      "fail": false,
      "pending": false,
      "code": "cy.visit(\"https://www.saucedemo.com/\");\ncy.get(\"#user-name\").type(\"standard_user\");\ncy.get(\"#password\").type(\"secret_sauce\");\ncy.get(\"#login-button, button[type='submit']\").click();\ncy.url().should(\"include\", \"/inventory.html\");\ncy.get('.inventory_item').first().find('button').click();\ncy.get('.shopping_cart_link').click();\ncy.get('.cart_item').first().find('button').click();\ncy.get('body').find('.cart_item').should('not.exist');\ncy.contains('button', /continue shopping/i).click();\ncy.get('.inventory_item').eq(0).find('button').click();\ncy.get('.inventory_item').eq(1).find('button').click();\ncy.get('.shopping_cart_link').click();\ncy.get('.cart_item').should('have.length', 2);\ncy.get('.cart_item .inventory_item_name').should('have.length', 2);\ncy.get('[data-test=\"checkout\"], #checkout').click();\ncy.get('#first-name').type('Jack');\ncy.get('#last-name').type('Sparrow');\ncy.get('#postal-code').type('12345');\ncy.get('[data-test=\"continue\"], #continue').click();\ncy.get('[data-test=\"finish\"], #finish').click();\ncy.get('.complete-header').should('contain.text', 'Thank you for your order!');",
      "err": {},
      "isRoot": false,
      "uuid": "5c427493-1cd2-4ed5-a0da-a0338569d297",
      "parentUUID": "6cf8dfe2-d372-47b0-915b-cffcb6c01fd6",
      "skipped": false
    }
  ],
  "allPending": [],
  "allPasses": [
    {
      "title": "Caso 1",
      "fullTitle": "Punto 3 - Saucedemo Caso 1",
      "duration": 2604,
      "state": "passed",
      "speed": "fast",
      "pass": true,
      "fail": false,
      "pending": false,
      "code": "cy.visit(\"https://www.saucedemo.com/\");\ncy.get(\"#user-name\").type(\"standard_user\");\ncy.get(\"#password\").type(\"secret_sauce\");\ncy.get(\"#login-button, button[type='submit']\").click();\ncy.url().should(\"include\", \"/inventory.html\");\ncy.get('.product_sort_container').then($sel => {\n  const visibleText = 'Price (low to high)';\n  const value = 'lohi';\n  // buscar opción por texto exacto\n  const hasVisible = $sel.find('option').toArray().some(opt => opt.innerText.trim() === visibleText);\n  if (hasVisible) {\n    cy.wrap($sel).select(visibleText);\n  } else {\n    cy.wrap($sel).select(value);\n  }\n});\ncy.get('.inventory_item_price').should('have.length.greaterThan', 0);\ncy.get('.inventory_item_price').then($els => {\n  const prices = Array.from($els).map(el => parseFloat(el.innerText.replace(/[^0-9.]/g, '')));\n  for (let i = 1; i < prices.length; i++) {\n    expect(prices[i]).to.be.at.least(prices[i - 1]);\n  }\n});",
      "err": {},
      "isRoot": false,
      "uuid": "0c2ba2e2-a579-4de6-b351-91b92f6bcb26",
      "parentUUID": "6cf8dfe2-d372-47b0-915b-cffcb6c01fd6",
      "skipped": false
    },
    {
      "title": "Caso 2",
      "fullTitle": "Punto 3 - Saucedemo Caso 2",
      "duration": 2321,
      "state": "passed",
      "speed": "fast",
      "pass": true,
      "fail": false,
      "pending": false,
      "code": "cy.visit(\"https://www.saucedemo.com/\");\ncy.get(\"#user-name\").type(\"standard_user\");\ncy.get(\"#password\").type(\"secret_sauce\");\ncy.get(\"#login-button, button[type='submit']\").click();\ncy.url().should(\"include\", \"/inventory.html\");\ncy.get('.inventory_item').its('length').then(count => {\n  cy.get('.inventory_item').each($el => {\n    cy.wrap($el).find('button').click();\n  });\n  cy.get('.shopping_cart_link').click();\n  cy.get('.cart_item').should('have.length', count);\n  cy.get('[data-test=\"checkout\"], #checkout').click();\n  cy.get('#first-name').type('Jack');\n  cy.get('[data-test=\"continue\"], #continue').click();\n  cy.get('[data-test=\"error\"], .error-message-container').should('contain.text', 'Error: Last Name is required');\n  cy.get('#last-name').type('Sparrow');\n  cy.get('[data-test=\"continue\"], #continue').click();\n  cy.get('[data-test=\"error\"], .error-message-container').should('contain.text', 'Error: Postal Code is required');\n});",
      "err": {},
      "isRoot": false,
      "uuid": "5f413742-7aa3-4ac0-87dc-656cbd77f9fe",
      "parentUUID": "6cf8dfe2-d372-47b0-915b-cffcb6c01fd6",
      "skipped": false
    },
    {
      "title": "Caso 3",
      "fullTitle": "Punto 3 - Saucedemo Caso 3",
      "duration": 2420,
      "state": "passed",
      "speed": "fast",
      "pass": true,
      "fail": false,
      "pending": false,
      "code": "cy.visit(\"https://www.saucedemo.com/\");\ncy.get(\"#user-name\").type(\"standard_user\");\ncy.get(\"#password\").type(\"secret_sauce\");\ncy.get(\"#login-button, button[type='submit']\").click();\ncy.url().should(\"include\", \"/inventory.html\");\ncy.get('.inventory_item').first().find('button').click();\ncy.get('.shopping_cart_link').click();\ncy.get('.cart_item').first().find('button').click();\ncy.get('body').find('.cart_item').should('not.exist');\ncy.contains('button', /continue shopping/i).click();\ncy.get('.inventory_item').eq(0).find('button').click();\ncy.get('.inventory_item').eq(1).find('button').click();\ncy.get('.shopping_cart_link').click();\ncy.get('.cart_item').should('have.length', 2);\ncy.get('.cart_item .inventory_item_name').should('have.length', 2);\ncy.get('[data-test=\"checkout\"], #checkout').click();\ncy.get('#first-name').type('Jack');\ncy.get('#last-name').type('Sparrow');\ncy.get('#postal-code').type('12345');\ncy.get('[data-test=\"continue\"], #continue').click();\ncy.get('[data-test=\"finish\"], #finish').click();\ncy.get('.complete-header').should('contain.text', 'Thank you for your order!');",
      "err": {},
      "isRoot": false,
      "uuid": "5c427493-1cd2-4ed5-a0da-a0338569d297",
      "parentUUID": "6cf8dfe2-d372-47b0-915b-cffcb6c01fd6",
      "skipped": false
    }
  ],
  "allFailures": [],
  "copyrightYear": 2025
}